[
  {
    "line": 1,
    "elements": [
      {
        "before": [
          {
            "result": {
              "duration": 5847735675,
              "status": "passed"
            },
            "match": {
              "location": "SharedSteps.deleteCookies()"
            }
          }
        ],
        "line": 18,
        "name": "Email validation",
        "description": "",
        "id": "email-validation;email-validation;;2",
        "after": [
          {
            "result": {
              "duration": 195439,
              "status": "passed"
            },
            "match": {
              "location": "SharedSteps.embedScreenshot(Scenario)"
            }
          }
        ],
        "type": "scenario",
        "keyword": "Scenario Outline",
        "steps": [
          {
            "result": {
              "duration": 3355682569,
              "status": "passed"
            },
            "line": 8,
            "name": "I am on homepage",
            "match": {
              "location": "HomepageSteps.i_am_on_File_Mailer_home_page()"
            },
            "keyword": "Given "
          },
          {
            "result": {
              "duration": 1625060994,
              "status": "passed"
            },
            "line": 9,
            "name": "I select Get a Zopa Loan",
            "match": {
              "location": "HomepageSteps.i_select_Get_a_Zopa_Loan()"
            },
            "keyword": "When "
          },
          {
            "result": {
              "duration": 2852920133,
              "status": "passed"
            },
            "line": 10,
            "name": "I select Get my personalised rates",
            "match": {
              "location": "HomepageSteps.i_select_Get_my_personalised_rates()"
            },
            "keyword": "And "
          },
          {
            "result": {
              "duration": 222021652,
              "status": "passed"
            },
            "line": 11,
            "name": "I enter Email address \"mahesh\"",
            "match": {
              "arguments": [
                {
                  "val": "mahesh",
                  "offset": 23
                }
              ],
              "location": "HomepageSteps.i_enter_Email_address(String)"
            },
            "matchedColumns": [
              0
            ],
            "keyword": "And "
          },
          {
            "result": {
              "duration": 1456486346,
              "status": "passed"
            },
            "line": 12,
            "name": "I select Calculate my rates",
            "match": {
              "location": "HomepageSteps.i_select_Calculate_my_rates()"
            },
            "keyword": "And "
          },
          {
            "result": {
              "duration": 68326395,
              "status": "passed"
            },
            "line": 13,
            "name": "I should see Error summary box",
            "match": {
              "location": "HomepageSteps.i_should_see_Error_summary_box()"
            },
            "keyword": "Then "
          },
          {
            "result": {
              "duration": 60318132,
              "status": "passed"
            },
            "line": 14,
            "name": "I should see Error \"Please enter a valid email address\"",
            "match": {
              "arguments": [
                {
                  "val": "Please enter a valid email address",
                  "offset": 20
                }
              ],
              "location": "HomepageSteps.i_should_see_Error_summary_box(String)"
            },
            "keyword": "Then "
          }
        ]
      },
      {
        "before": [
          {
            "result": {
              "duration": 6763390190,
              "status": "passed"
            },
            "match": {
              "location": "SharedSteps.deleteCookies()"
            }
          }
        ],
        "line": 19,
        "name": "Email validation",
        "description": "",
        "id": "email-validation;email-validation;;3",
        "after": [
          {
            "result": {
              "duration": 42020925,
              "status": "passed"
            },
            "match": {
              "location": "SharedSteps.embedScreenshot(Scenario)"
            }
          }
        ],
        "type": "scenario",
        "keyword": "Scenario Outline",
        "steps": [
          {
            "result": {
              "duration": 1255686204,
              "status": "passed"
            },
            "line": 8,
            "name": "I am on homepage",
            "match": {
              "location": "HomepageSteps.i_am_on_File_Mailer_home_page()"
            },
            "keyword": "Given "
          },
          {
            "result": {
              "duration": 117528925,
              "status": "passed"
            },
            "line": 9,
            "name": "I select Get a Zopa Loan",
            "match": {
              "location": "HomepageSteps.i_select_Get_a_Zopa_Loan()"
            },
            "keyword": "When "
          },
          {
            "result": {
              "duration": 3138283864,
              "error_message": "java.lang.NullPointerException\r\n\tat sun.reflect.NativeMethodAccessorImpl.invoke0(Native Method)\r\n\tat sun.reflect.NativeMethodAccessorImpl.invoke(Unknown Source)\r\n\tat sun.reflect.DelegatingMethodAccessorImpl.invoke(Unknown Source)\r\n\tat java.lang.reflect.Method.invoke(Unknown Source)\r\n\tat org.openqa.selenium.support.pagefactory.internal.LocatingElementHandler.invoke(LocatingElementHandler.java:51)\r\n\tat com.sun.proxy.$Proxy16.click(Unknown Source)\r\n\tat com.test.pages.Homepage.clickRates(Homepage.java:46)\r\n\tat com.mill.test.steps.HomepageSteps.i_select_Get_my_personalised_rates(HomepageSteps.java:36)\r\n\tat ✽.And I select Get my personalised rates(TestScenarios/Email.feature:10)\r\n",
              "status": "failed"
            },
            "line": 10,
            "name": "I select Get my personalised rates",
            "match": {
              "location": "HomepageSteps.i_select_Get_my_personalised_rates()"
            },
            "keyword": "And "
          },
          {
            "result": {
              "status": "skipped"
            },
            "line": 11,
            "name": "I enter Email address \"#@%^%#$@#$@#.com\"",
            "match": {
              "arguments": [
                {
                  "val": "#@%^%#$@#$@#.com",
                  "offset": 23
                }
              ],
              "location": "HomepageSteps.i_enter_Email_address(String)"
            },
            "matchedColumns": [
              0
            ],
            "keyword": "And "
          },
          {
            "result": {
              "status": "skipped"
            },
            "line": 12,
            "name": "I select Calculate my rates",
            "match": {
              "location": "HomepageSteps.i_select_Calculate_my_rates()"
            },
            "keyword": "And "
          },
          {
            "result": {
              "status": "skipped"
            },
            "line": 13,
            "name": "I should see Error summary box",
            "match": {
              "location": "HomepageSteps.i_should_see_Error_summary_box()"
            },
            "keyword": "Then "
          },
          {
            "result": {
              "status": "skipped"
            },
            "line": 14,
            "name": "I should see Error \"Please enter a valid email address\"",
            "match": {
              "arguments": [
                {
                  "val": "Please enter a valid email address",
                  "offset": 20
                }
              ],
              "location": "HomepageSteps.i_should_see_Error_summary_box(String)"
            },
            "keyword": "Then "
          }
        ]
      },
      {
        "before": [
          {
            "result": {
              "duration": 6601705,
              "status": "passed"
            },
            "match": {
              "location": "SharedSteps.deleteCookies()"
            }
          }
        ],
        "line": 20,
        "name": "Email validation",
        "description": "",
        "id": "email-validation;email-validation;;4",
        "after": [
          {
            "result": {
              "duration": 9222374,
              "status": "passed"
            },
            "match": {
              "location": "SharedSteps.embedScreenshot(Scenario)"
            }
          }
        ],
        "type": "scenario",
        "keyword": "Scenario Outline",
        "steps": [
          {
            "result": {
              "duration": 9922872,
              "error_message": "org.openqa.selenium.NoSuchWindowException: no such window: target window already closed\nfrom unknown error: web view not found\n  (Session info: chrome\u003d62.0.3202.89)\n  (Driver info: chromedriver\u003d2.33.506120 (e3e53437346286c0bc2d2dc9aa4915ba81d9023f),platform\u003dWindows NT 10.0.15063 x86_64) (WARNING: The server did not provide any stacktrace information)\nCommand duration or timeout: 0 milliseconds\nBuild info: version: \u00273.7.1\u0027, revision: \u00278a0099a\u0027, time: \u00272017-11-06T21:01:39.354Z\u0027\nSystem info: host: \u0027MAHESH\u0027, ip: \u0027192.168.1.5\u0027, os.name: \u0027Windows 10\u0027, os.arch: \u0027amd64\u0027, os.version: \u002710.0\u0027, java.version: \u00271.8.0_151\u0027\nDriver info: org.openqa.selenium.chrome.ChromeDriver\nCapabilities {acceptSslCerts: true, applicationCacheEnabled: false, browserConnectionEnabled: false, browserName: chrome, chrome: {chromedriverVersion: 2.33.506120 (e3e53437346286..., userDataDir: C:\\Users\\Mahesh\\AppData\\Loc...}, cssSelectorsEnabled: true, databaseEnabled: false, handlesAlerts: true, hasTouchScreen: false, javascriptEnabled: true, locationContextEnabled: true, mobileEmulationEnabled: false, nativeEvents: true, networkConnectionEnabled: false, pageLoadStrategy: normal, platform: XP, platformName: XP, rotatable: false, setWindowRect: true, takesHeapSnapshot: true, takesScreenshot: true, unexpectedAlertBehaviour: , unhandledPromptBehavior: , version: 62.0.3202.89, webStorageEnabled: true}\nSession ID: d8a2b74097328a768dd2af5b1c958570\r\n\tat sun.reflect.NativeConstructorAccessorImpl.newInstance0(Native Method)\r\n\tat sun.reflect.NativeConstructorAccessorImpl.newInstance(Unknown Source)\r\n\tat sun.reflect.DelegatingConstructorAccessorImpl.newInstance(Unknown Source)\r\n\tat java.lang.reflect.Constructor.newInstance(Unknown Source)\r\n\tat org.openqa.selenium.remote.ErrorHandler.createThrowable(ErrorHandler.java:214)\r\n\tat org.openqa.selenium.remote.ErrorHandler.throwIfResponseFailed(ErrorHandler.java:166)\r\n\tat org.openqa.selenium.remote.http.JsonHttpResponseCodec.reconstructValue(JsonHttpResponseCodec.java:40)\r\n\tat org.openqa.selenium.remote.http.AbstractHttpResponseCodec.decode(AbstractHttpResponseCodec.java:80)\r\n\tat org.openqa.selenium.remote.http.AbstractHttpResponseCodec.decode(AbstractHttpResponseCodec.java:44)\r\n\tat org.openqa.selenium.remote.HttpCommandExecutor.execute(HttpCommandExecutor.java:164)\r\n\tat org.openqa.selenium.remote.service.DriverCommandExecutor.execute(DriverCommandExecutor.java:83)\r\n\tat org.openqa.selenium.remote.RemoteWebDriver.execute(RemoteWebDriver.java:600)\r\n\tat org.openqa.selenium.remote.RemoteWebDriver.get(RemoteWebDriver.java:324)\r\n\tat com.test.pages.Homepage.gotoHomePage(Homepage.java:87)\r\n\tat com.mill.test.steps.HomepageSteps.i_am_on_File_Mailer_home_page(HomepageSteps.java:20)\r\n\tat ✽.Given I am on homepage(TestScenarios/Email.feature:8)\r\n",
              "status": "failed"
            },
            "line": 8,
            "name": "I am on homepage",
            "match": {
              "location": "HomepageSteps.i_am_on_File_Mailer_home_page()"
            },
            "keyword": "Given "
          },
          {
            "result": {
              "status": "skipped"
            },
            "line": 9,
            "name": "I select Get a Zopa Loan",
            "match": {
              "location": "HomepageSteps.i_select_Get_a_Zopa_Loan()"
            },
            "keyword": "When "
          },
          {
            "result": {
              "status": "skipped"
            },
            "line": 10,
            "name": "I select Get my personalised rates",
            "match": {
              "location": "HomepageSteps.i_select_Get_my_personalised_rates()"
            },
            "keyword": "And "
          },
          {
            "result": {
              "status": "skipped"
            },
            "line": 11,
            "name": "I enter Email address \"@domain.com\"",
            "match": {
              "arguments": [
                {
                  "val": "@domain.com",
                  "offset": 23
                }
              ],
              "location": "HomepageSteps.i_enter_Email_address(String)"
            },
            "matchedColumns": [
              0
            ],
            "keyword": "And "
          },
          {
            "result": {
              "status": "skipped"
            },
            "line": 12,
            "name": "I select Calculate my rates",
            "match": {
              "location": "HomepageSteps.i_select_Calculate_my_rates()"
            },
            "keyword": "And "
          },
          {
            "result": {
              "status": "skipped"
            },
            "line": 13,
            "name": "I should see Error summary box",
            "match": {
              "location": "HomepageSteps.i_should_see_Error_summary_box()"
            },
            "keyword": "Then "
          },
          {
            "result": {
              "status": "skipped"
            },
            "line": 14,
            "name": "I should see Error \"Please enter a valid email address\"",
            "match": {
              "arguments": [
                {
                  "val": "Please enter a valid email address",
                  "offset": 20
                }
              ],
              "location": "HomepageSteps.i_should_see_Error_summary_box(String)"
            },
            "keyword": "Then "
          }
        ]
      },
      {
        "before": [
          {
            "result": {
              "duration": 5295221,
              "status": "passed"
            },
            "match": {
              "location": "SharedSteps.deleteCookies()"
            }
          }
        ],
        "line": 21,
        "name": "Email validation",
        "description": "",
        "id": "email-validation;email-validation;;5",
        "after": [
          {
            "result": {
              "duration": 10998851,
              "status": "passed"
            },
            "match": {
              "location": "SharedSteps.embedScreenshot(Scenario)"
            }
          }
        ],
        "type": "scenario",
        "keyword": "Scenario Outline",
        "steps": [
          {
            "result": {
              "duration": 8693793,
              "error_message": "org.openqa.selenium.NoSuchWindowException: no such window: target window already closed\nfrom unknown error: web view not found\n  (Session info: chrome\u003d62.0.3202.89)\n  (Driver info: chromedriver\u003d2.33.506120 (e3e53437346286c0bc2d2dc9aa4915ba81d9023f),platform\u003dWindows NT 10.0.15063 x86_64) (WARNING: The server did not provide any stacktrace information)\nCommand duration or timeout: 0 milliseconds\nBuild info: version: \u00273.7.1\u0027, revision: \u00278a0099a\u0027, time: \u00272017-11-06T21:01:39.354Z\u0027\nSystem info: host: \u0027MAHESH\u0027, ip: \u0027192.168.1.5\u0027, os.name: \u0027Windows 10\u0027, os.arch: \u0027amd64\u0027, os.version: \u002710.0\u0027, java.version: \u00271.8.0_151\u0027\nDriver info: org.openqa.selenium.chrome.ChromeDriver\nCapabilities {acceptSslCerts: true, applicationCacheEnabled: false, browserConnectionEnabled: false, browserName: chrome, chrome: {chromedriverVersion: 2.33.506120 (e3e53437346286..., userDataDir: C:\\Users\\Mahesh\\AppData\\Loc...}, cssSelectorsEnabled: true, databaseEnabled: false, handlesAlerts: true, hasTouchScreen: false, javascriptEnabled: true, locationContextEnabled: true, mobileEmulationEnabled: false, nativeEvents: true, networkConnectionEnabled: false, pageLoadStrategy: normal, platform: XP, platformName: XP, rotatable: false, setWindowRect: true, takesHeapSnapshot: true, takesScreenshot: true, unexpectedAlertBehaviour: , unhandledPromptBehavior: , version: 62.0.3202.89, webStorageEnabled: true}\nSession ID: d8a2b74097328a768dd2af5b1c958570\r\n\tat sun.reflect.NativeConstructorAccessorImpl.newInstance0(Native Method)\r\n\tat sun.reflect.NativeConstructorAccessorImpl.newInstance(Unknown Source)\r\n\tat sun.reflect.DelegatingConstructorAccessorImpl.newInstance(Unknown Source)\r\n\tat java.lang.reflect.Constructor.newInstance(Unknown Source)\r\n\tat org.openqa.selenium.remote.ErrorHandler.createThrowable(ErrorHandler.java:214)\r\n\tat org.openqa.selenium.remote.ErrorHandler.throwIfResponseFailed(ErrorHandler.java:166)\r\n\tat org.openqa.selenium.remote.http.JsonHttpResponseCodec.reconstructValue(JsonHttpResponseCodec.java:40)\r\n\tat org.openqa.selenium.remote.http.AbstractHttpResponseCodec.decode(AbstractHttpResponseCodec.java:80)\r\n\tat org.openqa.selenium.remote.http.AbstractHttpResponseCodec.decode(AbstractHttpResponseCodec.java:44)\r\n\tat org.openqa.selenium.remote.HttpCommandExecutor.execute(HttpCommandExecutor.java:164)\r\n\tat org.openqa.selenium.remote.service.DriverCommandExecutor.execute(DriverCommandExecutor.java:83)\r\n\tat org.openqa.selenium.remote.RemoteWebDriver.execute(RemoteWebDriver.java:600)\r\n\tat org.openqa.selenium.remote.RemoteWebDriver.get(RemoteWebDriver.java:324)\r\n\tat com.test.pages.Homepage.gotoHomePage(Homepage.java:87)\r\n\tat com.mill.test.steps.HomepageSteps.i_am_on_File_Mailer_home_page(HomepageSteps.java:20)\r\n\tat ✽.Given I am on homepage(TestScenarios/Email.feature:8)\r\n",
              "status": "failed"
            },
            "line": 8,
            "name": "I am on homepage",
            "match": {
              "location": "HomepageSteps.i_am_on_File_Mailer_home_page()"
            },
            "keyword": "Given "
          },
          {
            "result": {
              "status": "skipped"
            },
            "line": 9,
            "name": "I select Get a Zopa Loan",
            "match": {
              "location": "HomepageSteps.i_select_Get_a_Zopa_Loan()"
            },
            "keyword": "When "
          },
          {
            "result": {
              "status": "skipped"
            },
            "line": 10,
            "name": "I select Get my personalised rates",
            "match": {
              "location": "HomepageSteps.i_select_Get_my_personalised_rates()"
            },
            "keyword": "And "
          },
          {
            "result": {
              "status": "skipped"
            },
            "line": 11,
            "name": "I enter Email address \"Joe Smith \u003cemail@domain.com\u003e\"",
            "match": {
              "arguments": [
                {
                  "val": "Joe Smith \u003cemail@domain.com\u003e",
                  "offset": 23
                }
              ],
              "location": "HomepageSteps.i_enter_Email_address(String)"
            },
            "matchedColumns": [
              0
            ],
            "keyword": "And "
          },
          {
            "result": {
              "status": "skipped"
            },
            "line": 12,
            "name": "I select Calculate my rates",
            "match": {
              "location": "HomepageSteps.i_select_Calculate_my_rates()"
            },
            "keyword": "And "
          },
          {
            "result": {
              "status": "skipped"
            },
            "line": 13,
            "name": "I should see Error summary box",
            "match": {
              "location": "HomepageSteps.i_should_see_Error_summary_box()"
            },
            "keyword": "Then "
          },
          {
            "result": {
              "status": "skipped"
            },
            "line": 14,
            "name": "I should see Error \"Please enter a valid email address\"",
            "match": {
              "arguments": [
                {
                  "val": "Please enter a valid email address",
                  "offset": 20
                }
              ],
              "location": "HomepageSteps.i_should_see_Error_summary_box(String)"
            },
            "keyword": "Then "
          }
        ]
      },
      {
        "before": [
          {
            "result": {
              "duration": 14341829,
              "status": "passed"
            },
            "match": {
              "location": "SharedSteps.deleteCookies()"
            }
          }
        ],
        "line": 22,
        "name": "Email validation",
        "description": "",
        "id": "email-validation;email-validation;;6",
        "after": [
          {
            "result": {
              "duration": 16147815,
              "status": "passed"
            },
            "match": {
              "location": "SharedSteps.embedScreenshot(Scenario)"
            }
          }
        ],
        "type": "scenario",
        "keyword": "Scenario Outline",
        "steps": [
          {
            "result": {
              "duration": 16639618,
              "error_message": "org.openqa.selenium.NoSuchWindowException: no such window: target window already closed\nfrom unknown error: web view not found\n  (Session info: chrome\u003d62.0.3202.89)\n  (Driver info: chromedriver\u003d2.33.506120 (e3e53437346286c0bc2d2dc9aa4915ba81d9023f),platform\u003dWindows NT 10.0.15063 x86_64) (WARNING: The server did not provide any stacktrace information)\nCommand duration or timeout: 0 milliseconds\nBuild info: version: \u00273.7.1\u0027, revision: \u00278a0099a\u0027, time: \u00272017-11-06T21:01:39.354Z\u0027\nSystem info: host: \u0027MAHESH\u0027, ip: \u0027192.168.1.5\u0027, os.name: \u0027Windows 10\u0027, os.arch: \u0027amd64\u0027, os.version: \u002710.0\u0027, java.version: \u00271.8.0_151\u0027\nDriver info: org.openqa.selenium.chrome.ChromeDriver\nCapabilities {acceptSslCerts: true, applicationCacheEnabled: false, browserConnectionEnabled: false, browserName: chrome, chrome: {chromedriverVersion: 2.33.506120 (e3e53437346286..., userDataDir: C:\\Users\\Mahesh\\AppData\\Loc...}, cssSelectorsEnabled: true, databaseEnabled: false, handlesAlerts: true, hasTouchScreen: false, javascriptEnabled: true, locationContextEnabled: true, mobileEmulationEnabled: false, nativeEvents: true, networkConnectionEnabled: false, pageLoadStrategy: normal, platform: XP, platformName: XP, rotatable: false, setWindowRect: true, takesHeapSnapshot: true, takesScreenshot: true, unexpectedAlertBehaviour: , unhandledPromptBehavior: , version: 62.0.3202.89, webStorageEnabled: true}\nSession ID: d8a2b74097328a768dd2af5b1c958570\r\n\tat sun.reflect.NativeConstructorAccessorImpl.newInstance0(Native Method)\r\n\tat sun.reflect.NativeConstructorAccessorImpl.newInstance(Unknown Source)\r\n\tat sun.reflect.DelegatingConstructorAccessorImpl.newInstance(Unknown Source)\r\n\tat java.lang.reflect.Constructor.newInstance(Unknown Source)\r\n\tat org.openqa.selenium.remote.ErrorHandler.createThrowable(ErrorHandler.java:214)\r\n\tat org.openqa.selenium.remote.ErrorHandler.throwIfResponseFailed(ErrorHandler.java:166)\r\n\tat org.openqa.selenium.remote.http.JsonHttpResponseCodec.reconstructValue(JsonHttpResponseCodec.java:40)\r\n\tat org.openqa.selenium.remote.http.AbstractHttpResponseCodec.decode(AbstractHttpResponseCodec.java:80)\r\n\tat org.openqa.selenium.remote.http.AbstractHttpResponseCodec.decode(AbstractHttpResponseCodec.java:44)\r\n\tat org.openqa.selenium.remote.HttpCommandExecutor.execute(HttpCommandExecutor.java:164)\r\n\tat org.openqa.selenium.remote.service.DriverCommandExecutor.execute(DriverCommandExecutor.java:83)\r\n\tat org.openqa.selenium.remote.RemoteWebDriver.execute(RemoteWebDriver.java:600)\r\n\tat org.openqa.selenium.remote.RemoteWebDriver.get(RemoteWebDriver.java:324)\r\n\tat com.test.pages.Homepage.gotoHomePage(Homepage.java:87)\r\n\tat com.mill.test.steps.HomepageSteps.i_am_on_File_Mailer_home_page(HomepageSteps.java:20)\r\n\tat ✽.Given I am on homepage(TestScenarios/Email.feature:8)\r\n",
              "status": "failed"
            },
            "line": 8,
            "name": "I am on homepage",
            "match": {
              "location": "HomepageSteps.i_am_on_File_Mailer_home_page()"
            },
            "keyword": "Given "
          },
          {
            "result": {
              "status": "skipped"
            },
            "line": 9,
            "name": "I select Get a Zopa Loan",
            "match": {
              "location": "HomepageSteps.i_select_Get_a_Zopa_Loan()"
            },
            "keyword": "When "
          },
          {
            "result": {
              "status": "skipped"
            },
            "line": 10,
            "name": "I select Get my personalised rates",
            "match": {
              "location": "HomepageSteps.i_select_Get_my_personalised_rates()"
            },
            "keyword": "And "
          },
          {
            "result": {
              "status": "skipped"
            },
            "line": 11,
            "name": "I enter Email address \"email.domain.com\"",
            "match": {
              "arguments": [
                {
                  "val": "email.domain.com",
                  "offset": 23
                }
              ],
              "location": "HomepageSteps.i_enter_Email_address(String)"
            },
            "matchedColumns": [
              0
            ],
            "keyword": "And "
          },
          {
            "result": {
              "status": "skipped"
            },
            "line": 12,
            "name": "I select Calculate my rates",
            "match": {
              "location": "HomepageSteps.i_select_Calculate_my_rates()"
            },
            "keyword": "And "
          },
          {
            "result": {
              "status": "skipped"
            },
            "line": 13,
            "name": "I should see Error summary box",
            "match": {
              "location": "HomepageSteps.i_should_see_Error_summary_box()"
            },
            "keyword": "Then "
          },
          {
            "result": {
              "status": "skipped"
            },
            "line": 14,
            "name": "I should see Error \"Please enter a valid email address\"",
            "match": {
              "arguments": [
                {
                  "val": "Please enter a valid email address",
                  "offset": 20
                }
              ],
              "location": "HomepageSteps.i_should_see_Error_summary_box(String)"
            },
            "keyword": "Then "
          }
        ]
      },
      {
        "before": [
          {
            "result": {
              "duration": 11275116,
              "status": "passed"
            },
            "match": {
              "location": "SharedSteps.deleteCookies()"
            }
          }
        ],
        "line": 23,
        "name": "Email validation",
        "description": "",
        "id": "email-validation;email-validation;;7",
        "after": [
          {
            "result": {
              "duration": 14690368,
              "status": "passed"
            },
            "match": {
              "location": "SharedSteps.embedScreenshot(Scenario)"
            }
          }
        ],
        "type": "scenario",
        "keyword": "Scenario Outline",
        "steps": [
          {
            "result": {
              "duration": 26710031,
              "error_message": "org.openqa.selenium.NoSuchWindowException: no such window: target window already closed\nfrom unknown error: web view not found\n  (Session info: chrome\u003d62.0.3202.89)\n  (Driver info: chromedriver\u003d2.33.506120 (e3e53437346286c0bc2d2dc9aa4915ba81d9023f),platform\u003dWindows NT 10.0.15063 x86_64) (WARNING: The server did not provide any stacktrace information)\nCommand duration or timeout: 0 milliseconds\nBuild info: version: \u00273.7.1\u0027, revision: \u00278a0099a\u0027, time: \u00272017-11-06T21:01:39.354Z\u0027\nSystem info: host: \u0027MAHESH\u0027, ip: \u0027192.168.1.5\u0027, os.name: \u0027Windows 10\u0027, os.arch: \u0027amd64\u0027, os.version: \u002710.0\u0027, java.version: \u00271.8.0_151\u0027\nDriver info: org.openqa.selenium.chrome.ChromeDriver\nCapabilities {acceptSslCerts: true, applicationCacheEnabled: false, browserConnectionEnabled: false, browserName: chrome, chrome: {chromedriverVersion: 2.33.506120 (e3e53437346286..., userDataDir: C:\\Users\\Mahesh\\AppData\\Loc...}, cssSelectorsEnabled: true, databaseEnabled: false, handlesAlerts: true, hasTouchScreen: false, javascriptEnabled: true, locationContextEnabled: true, mobileEmulationEnabled: false, nativeEvents: true, networkConnectionEnabled: false, pageLoadStrategy: normal, platform: XP, platformName: XP, rotatable: false, setWindowRect: true, takesHeapSnapshot: true, takesScreenshot: true, unexpectedAlertBehaviour: , unhandledPromptBehavior: , version: 62.0.3202.89, webStorageEnabled: true}\nSession ID: d8a2b74097328a768dd2af5b1c958570\r\n\tat sun.reflect.NativeConstructorAccessorImpl.newInstance0(Native Method)\r\n\tat sun.reflect.NativeConstructorAccessorImpl.newInstance(Unknown Source)\r\n\tat sun.reflect.DelegatingConstructorAccessorImpl.newInstance(Unknown Source)\r\n\tat java.lang.reflect.Constructor.newInstance(Unknown Source)\r\n\tat org.openqa.selenium.remote.ErrorHandler.createThrowable(ErrorHandler.java:214)\r\n\tat org.openqa.selenium.remote.ErrorHandler.throwIfResponseFailed(ErrorHandler.java:166)\r\n\tat org.openqa.selenium.remote.http.JsonHttpResponseCodec.reconstructValue(JsonHttpResponseCodec.java:40)\r\n\tat org.openqa.selenium.remote.http.AbstractHttpResponseCodec.decode(AbstractHttpResponseCodec.java:80)\r\n\tat org.openqa.selenium.remote.http.AbstractHttpResponseCodec.decode(AbstractHttpResponseCodec.java:44)\r\n\tat org.openqa.selenium.remote.HttpCommandExecutor.execute(HttpCommandExecutor.java:164)\r\n\tat org.openqa.selenium.remote.service.DriverCommandExecutor.execute(DriverCommandExecutor.java:83)\r\n\tat org.openqa.selenium.remote.RemoteWebDriver.execute(RemoteWebDriver.java:600)\r\n\tat org.openqa.selenium.remote.RemoteWebDriver.get(RemoteWebDriver.java:324)\r\n\tat com.test.pages.Homepage.gotoHomePage(Homepage.java:87)\r\n\tat com.mill.test.steps.HomepageSteps.i_am_on_File_Mailer_home_page(HomepageSteps.java:20)\r\n\tat ✽.Given I am on homepage(TestScenarios/Email.feature:8)\r\n",
              "status": "failed"
            },
            "line": 8,
            "name": "I am on homepage",
            "match": {
              "location": "HomepageSteps.i_am_on_File_Mailer_home_page()"
            },
            "keyword": "Given "
          },
          {
            "result": {
              "status": "skipped"
            },
            "line": 9,
            "name": "I select Get a Zopa Loan",
            "match": {
              "location": "HomepageSteps.i_select_Get_a_Zopa_Loan()"
            },
            "keyword": "When "
          },
          {
            "result": {
              "status": "skipped"
            },
            "line": 10,
            "name": "I select Get my personalised rates",
            "match": {
              "location": "HomepageSteps.i_select_Get_my_personalised_rates()"
            },
            "keyword": "And "
          },
          {
            "result": {
              "status": "skipped"
            },
            "line": 11,
            "name": "I enter Email address \"email@domain@domain.com\"",
            "match": {
              "arguments": [
                {
                  "val": "email@domain@domain.com",
                  "offset": 23
                }
              ],
              "location": "HomepageSteps.i_enter_Email_address(String)"
            },
            "matchedColumns": [
              0
            ],
            "keyword": "And "
          },
          {
            "result": {
              "status": "skipped"
            },
            "line": 12,
            "name": "I select Calculate my rates",
            "match": {
              "location": "HomepageSteps.i_select_Calculate_my_rates()"
            },
            "keyword": "And "
          },
          {
            "result": {
              "status": "skipped"
            },
            "line": 13,
            "name": "I should see Error summary box",
            "match": {
              "location": "HomepageSteps.i_should_see_Error_summary_box()"
            },
            "keyword": "Then "
          },
          {
            "result": {
              "status": "skipped"
            },
            "line": 14,
            "name": "I should see Error \"Please enter a valid email address\"",
            "match": {
              "arguments": [
                {
                  "val": "Please enter a valid email address",
                  "offset": 20
                }
              ],
              "location": "HomepageSteps.i_should_see_Error_summary_box(String)"
            },
            "keyword": "Then "
          }
        ]
      },
      {
        "before": [
          {
            "result": {
              "duration": 7621235,
              "status": "passed"
            },
            "match": {
              "location": "SharedSteps.deleteCookies()"
            }
          }
        ],
        "line": 24,
        "name": "Email validation",
        "description": "",
        "id": "email-validation;email-validation;;8",
        "after": [
          {
            "result": {
              "duration": 27818085,
              "status": "passed"
            },
            "match": {
              "location": "SharedSteps.embedScreenshot(Scenario)"
            }
          }
        ],
        "type": "scenario",
        "keyword": "Scenario Outline",
        "steps": [
          {
            "result": {
              "duration": 18670977,
              "error_message": "org.openqa.selenium.NoSuchWindowException: no such window: target window already closed\nfrom unknown error: web view not found\n  (Session info: chrome\u003d62.0.3202.89)\n  (Driver info: chromedriver\u003d2.33.506120 (e3e53437346286c0bc2d2dc9aa4915ba81d9023f),platform\u003dWindows NT 10.0.15063 x86_64) (WARNING: The server did not provide any stacktrace information)\nCommand duration or timeout: 0 milliseconds\nBuild info: version: \u00273.7.1\u0027, revision: \u00278a0099a\u0027, time: \u00272017-11-06T21:01:39.354Z\u0027\nSystem info: host: \u0027MAHESH\u0027, ip: \u0027192.168.1.5\u0027, os.name: \u0027Windows 10\u0027, os.arch: \u0027amd64\u0027, os.version: \u002710.0\u0027, java.version: \u00271.8.0_151\u0027\nDriver info: org.openqa.selenium.chrome.ChromeDriver\nCapabilities {acceptSslCerts: true, applicationCacheEnabled: false, browserConnectionEnabled: false, browserName: chrome, chrome: {chromedriverVersion: 2.33.506120 (e3e53437346286..., userDataDir: C:\\Users\\Mahesh\\AppData\\Loc...}, cssSelectorsEnabled: true, databaseEnabled: false, handlesAlerts: true, hasTouchScreen: false, javascriptEnabled: true, locationContextEnabled: true, mobileEmulationEnabled: false, nativeEvents: true, networkConnectionEnabled: false, pageLoadStrategy: normal, platform: XP, platformName: XP, rotatable: false, setWindowRect: true, takesHeapSnapshot: true, takesScreenshot: true, unexpectedAlertBehaviour: , unhandledPromptBehavior: , version: 62.0.3202.89, webStorageEnabled: true}\nSession ID: d8a2b74097328a768dd2af5b1c958570\r\n\tat sun.reflect.NativeConstructorAccessorImpl.newInstance0(Native Method)\r\n\tat sun.reflect.NativeConstructorAccessorImpl.newInstance(Unknown Source)\r\n\tat sun.reflect.DelegatingConstructorAccessorImpl.newInstance(Unknown Source)\r\n\tat java.lang.reflect.Constructor.newInstance(Unknown Source)\r\n\tat org.openqa.selenium.remote.ErrorHandler.createThrowable(ErrorHandler.java:214)\r\n\tat org.openqa.selenium.remote.ErrorHandler.throwIfResponseFailed(ErrorHandler.java:166)\r\n\tat org.openqa.selenium.remote.http.JsonHttpResponseCodec.reconstructValue(JsonHttpResponseCodec.java:40)\r\n\tat org.openqa.selenium.remote.http.AbstractHttpResponseCodec.decode(AbstractHttpResponseCodec.java:80)\r\n\tat org.openqa.selenium.remote.http.AbstractHttpResponseCodec.decode(AbstractHttpResponseCodec.java:44)\r\n\tat org.openqa.selenium.remote.HttpCommandExecutor.execute(HttpCommandExecutor.java:164)\r\n\tat org.openqa.selenium.remote.service.DriverCommandExecutor.execute(DriverCommandExecutor.java:83)\r\n\tat org.openqa.selenium.remote.RemoteWebDriver.execute(RemoteWebDriver.java:600)\r\n\tat org.openqa.selenium.remote.RemoteWebDriver.get(RemoteWebDriver.java:324)\r\n\tat com.test.pages.Homepage.gotoHomePage(Homepage.java:87)\r\n\tat com.mill.test.steps.HomepageSteps.i_am_on_File_Mailer_home_page(HomepageSteps.java:20)\r\n\tat ✽.Given I am on homepage(TestScenarios/Email.feature:8)\r\n",
              "status": "failed"
            },
            "line": 8,
            "name": "I am on homepage",
            "match": {
              "location": "HomepageSteps.i_am_on_File_Mailer_home_page()"
            },
            "keyword": "Given "
          },
          {
            "result": {
              "status": "skipped"
            },
            "line": 9,
            "name": "I select Get a Zopa Loan",
            "match": {
              "location": "HomepageSteps.i_select_Get_a_Zopa_Loan()"
            },
            "keyword": "When "
          },
          {
            "result": {
              "status": "skipped"
            },
            "line": 10,
            "name": "I select Get my personalised rates",
            "match": {
              "location": "HomepageSteps.i_select_Get_my_personalised_rates()"
            },
            "keyword": "And "
          },
          {
            "result": {
              "status": "skipped"
            },
            "line": 11,
            "name": "I enter Email address \".email@domain.com\"",
            "match": {
              "arguments": [
                {
                  "val": ".email@domain.com",
                  "offset": 23
                }
              ],
              "location": "HomepageSteps.i_enter_Email_address(String)"
            },
            "matchedColumns": [
              0
            ],
            "keyword": "And "
          },
          {
            "result": {
              "status": "skipped"
            },
            "line": 12,
            "name": "I select Calculate my rates",
            "match": {
              "location": "HomepageSteps.i_select_Calculate_my_rates()"
            },
            "keyword": "And "
          },
          {
            "result": {
              "status": "skipped"
            },
            "line": 13,
            "name": "I should see Error summary box",
            "match": {
              "location": "HomepageSteps.i_should_see_Error_summary_box()"
            },
            "keyword": "Then "
          },
          {
            "result": {
              "status": "skipped"
            },
            "line": 14,
            "name": "I should see Error \"Please enter a valid email address\"",
            "match": {
              "arguments": [
                {
                  "val": "Please enter a valid email address",
                  "offset": 20
                }
              ],
              "location": "HomepageSteps.i_should_see_Error_summary_box(String)"
            },
            "keyword": "Then "
          }
        ]
      },
      {
        "before": [
          {
            "result": {
              "duration": 14755371,
              "status": "passed"
            },
            "match": {
              "location": "SharedSteps.deleteCookies()"
            }
          }
        ],
        "line": 25,
        "name": "Email validation",
        "description": "",
        "id": "email-validation;email-validation;;9",
        "after": [
          {
            "result": {
              "duration": 14297780,
              "status": "passed"
            },
            "match": {
              "location": "SharedSteps.embedScreenshot(Scenario)"
            }
          }
        ],
        "type": "scenario",
        "keyword": "Scenario Outline",
        "steps": [
          {
            "result": {
              "duration": 5245613,
              "error_message": "org.openqa.selenium.NoSuchWindowException: no such window: target window already closed\nfrom unknown error: web view not found\n  (Session info: chrome\u003d62.0.3202.89)\n  (Driver info: chromedriver\u003d2.33.506120 (e3e53437346286c0bc2d2dc9aa4915ba81d9023f),platform\u003dWindows NT 10.0.15063 x86_64) (WARNING: The server did not provide any stacktrace information)\nCommand duration or timeout: 0 milliseconds\nBuild info: version: \u00273.7.1\u0027, revision: \u00278a0099a\u0027, time: \u00272017-11-06T21:01:39.354Z\u0027\nSystem info: host: \u0027MAHESH\u0027, ip: \u0027192.168.1.5\u0027, os.name: \u0027Windows 10\u0027, os.arch: \u0027amd64\u0027, os.version: \u002710.0\u0027, java.version: \u00271.8.0_151\u0027\nDriver info: org.openqa.selenium.chrome.ChromeDriver\nCapabilities {acceptSslCerts: true, applicationCacheEnabled: false, browserConnectionEnabled: false, browserName: chrome, chrome: {chromedriverVersion: 2.33.506120 (e3e53437346286..., userDataDir: C:\\Users\\Mahesh\\AppData\\Loc...}, cssSelectorsEnabled: true, databaseEnabled: false, handlesAlerts: true, hasTouchScreen: false, javascriptEnabled: true, locationContextEnabled: true, mobileEmulationEnabled: false, nativeEvents: true, networkConnectionEnabled: false, pageLoadStrategy: normal, platform: XP, platformName: XP, rotatable: false, setWindowRect: true, takesHeapSnapshot: true, takesScreenshot: true, unexpectedAlertBehaviour: , unhandledPromptBehavior: , version: 62.0.3202.89, webStorageEnabled: true}\nSession ID: d8a2b74097328a768dd2af5b1c958570\r\n\tat sun.reflect.GeneratedConstructorAccessor13.newInstance(Unknown Source)\r\n\tat sun.reflect.DelegatingConstructorAccessorImpl.newInstance(Unknown Source)\r\n\tat java.lang.reflect.Constructor.newInstance(Unknown Source)\r\n\tat org.openqa.selenium.remote.ErrorHandler.createThrowable(ErrorHandler.java:214)\r\n\tat org.openqa.selenium.remote.ErrorHandler.throwIfResponseFailed(ErrorHandler.java:166)\r\n\tat org.openqa.selenium.remote.http.JsonHttpResponseCodec.reconstructValue(JsonHttpResponseCodec.java:40)\r\n\tat org.openqa.selenium.remote.http.AbstractHttpResponseCodec.decode(AbstractHttpResponseCodec.java:80)\r\n\tat org.openqa.selenium.remote.http.AbstractHttpResponseCodec.decode(AbstractHttpResponseCodec.java:44)\r\n\tat org.openqa.selenium.remote.HttpCommandExecutor.execute(HttpCommandExecutor.java:164)\r\n\tat org.openqa.selenium.remote.service.DriverCommandExecutor.execute(DriverCommandExecutor.java:83)\r\n\tat org.openqa.selenium.remote.RemoteWebDriver.execute(RemoteWebDriver.java:600)\r\n\tat org.openqa.selenium.remote.RemoteWebDriver.get(RemoteWebDriver.java:324)\r\n\tat com.test.pages.Homepage.gotoHomePage(Homepage.java:87)\r\n\tat com.mill.test.steps.HomepageSteps.i_am_on_File_Mailer_home_page(HomepageSteps.java:20)\r\n\tat ✽.Given I am on homepage(TestScenarios/Email.feature:8)\r\n",
              "status": "failed"
            },
            "line": 8,
            "name": "I am on homepage",
            "match": {
              "location": "HomepageSteps.i_am_on_File_Mailer_home_page()"
            },
            "keyword": "Given "
          },
          {
            "result": {
              "status": "skipped"
            },
            "line": 9,
            "name": "I select Get a Zopa Loan",
            "match": {
              "location": "HomepageSteps.i_select_Get_a_Zopa_Loan()"
            },
            "keyword": "When "
          },
          {
            "result": {
              "status": "skipped"
            },
            "line": 10,
            "name": "I select Get my personalised rates",
            "match": {
              "location": "HomepageSteps.i_select_Get_my_personalised_rates()"
            },
            "keyword": "And "
          },
          {
            "result": {
              "status": "skipped"
            },
            "line": 11,
            "name": "I enter Email address \"email.@domain.com\"",
            "match": {
              "arguments": [
                {
                  "val": "email.@domain.com",
                  "offset": 23
                }
              ],
              "location": "HomepageSteps.i_enter_Email_address(String)"
            },
            "matchedColumns": [
              0
            ],
            "keyword": "And "
          },
          {
            "result": {
              "status": "skipped"
            },
            "line": 12,
            "name": "I select Calculate my rates",
            "match": {
              "location": "HomepageSteps.i_select_Calculate_my_rates()"
            },
            "keyword": "And "
          },
          {
            "result": {
              "status": "skipped"
            },
            "line": 13,
            "name": "I should see Error summary box",
            "match": {
              "location": "HomepageSteps.i_should_see_Error_summary_box()"
            },
            "keyword": "Then "
          },
          {
            "result": {
              "status": "skipped"
            },
            "line": 14,
            "name": "I should see Error \"Please enter a valid email address\"",
            "match": {
              "arguments": [
                {
                  "val": "Please enter a valid email address",
                  "offset": 20
                }
              ],
              "location": "HomepageSteps.i_should_see_Error_summary_box(String)"
            },
            "keyword": "Then "
          }
        ]
      },
      {
        "before": [
          {
            "result": {
              "duration": 11876399,
              "status": "passed"
            },
            "match": {
              "location": "SharedSteps.deleteCookies()"
            }
          }
        ],
        "line": 26,
        "name": "Email validation",
        "description": "",
        "id": "email-validation;email-validation;;10",
        "after": [
          {
            "result": {
              "duration": 22800839,
              "status": "passed"
            },
            "match": {
              "location": "SharedSteps.embedScreenshot(Scenario)"
            }
          }
        ],
        "type": "scenario",
        "keyword": "Scenario Outline",
        "steps": [
          {
            "result": {
              "duration": 5458157,
              "error_message": "org.openqa.selenium.NoSuchWindowException: no such window: target window already closed\nfrom unknown error: web view not found\n  (Session info: chrome\u003d62.0.3202.89)\n  (Driver info: chromedriver\u003d2.33.506120 (e3e53437346286c0bc2d2dc9aa4915ba81d9023f),platform\u003dWindows NT 10.0.15063 x86_64) (WARNING: The server did not provide any stacktrace information)\nCommand duration or timeout: 0 milliseconds\nBuild info: version: \u00273.7.1\u0027, revision: \u00278a0099a\u0027, time: \u00272017-11-06T21:01:39.354Z\u0027\nSystem info: host: \u0027MAHESH\u0027, ip: \u0027192.168.1.5\u0027, os.name: \u0027Windows 10\u0027, os.arch: \u0027amd64\u0027, os.version: \u002710.0\u0027, java.version: \u00271.8.0_151\u0027\nDriver info: org.openqa.selenium.chrome.ChromeDriver\nCapabilities {acceptSslCerts: true, applicationCacheEnabled: false, browserConnectionEnabled: false, browserName: chrome, chrome: {chromedriverVersion: 2.33.506120 (e3e53437346286..., userDataDir: C:\\Users\\Mahesh\\AppData\\Loc...}, cssSelectorsEnabled: true, databaseEnabled: false, handlesAlerts: true, hasTouchScreen: false, javascriptEnabled: true, locationContextEnabled: true, mobileEmulationEnabled: false, nativeEvents: true, networkConnectionEnabled: false, pageLoadStrategy: normal, platform: XP, platformName: XP, rotatable: false, setWindowRect: true, takesHeapSnapshot: true, takesScreenshot: true, unexpectedAlertBehaviour: , unhandledPromptBehavior: , version: 62.0.3202.89, webStorageEnabled: true}\nSession ID: d8a2b74097328a768dd2af5b1c958570\r\n\tat sun.reflect.GeneratedConstructorAccessor13.newInstance(Unknown Source)\r\n\tat sun.reflect.DelegatingConstructorAccessorImpl.newInstance(Unknown Source)\r\n\tat java.lang.reflect.Constructor.newInstance(Unknown Source)\r\n\tat org.openqa.selenium.remote.ErrorHandler.createThrowable(ErrorHandler.java:214)\r\n\tat org.openqa.selenium.remote.ErrorHandler.throwIfResponseFailed(ErrorHandler.java:166)\r\n\tat org.openqa.selenium.remote.http.JsonHttpResponseCodec.reconstructValue(JsonHttpResponseCodec.java:40)\r\n\tat org.openqa.selenium.remote.http.AbstractHttpResponseCodec.decode(AbstractHttpResponseCodec.java:80)\r\n\tat org.openqa.selenium.remote.http.AbstractHttpResponseCodec.decode(AbstractHttpResponseCodec.java:44)\r\n\tat org.openqa.selenium.remote.HttpCommandExecutor.execute(HttpCommandExecutor.java:164)\r\n\tat org.openqa.selenium.remote.service.DriverCommandExecutor.execute(DriverCommandExecutor.java:83)\r\n\tat org.openqa.selenium.remote.RemoteWebDriver.execute(RemoteWebDriver.java:600)\r\n\tat org.openqa.selenium.remote.RemoteWebDriver.get(RemoteWebDriver.java:324)\r\n\tat com.test.pages.Homepage.gotoHomePage(Homepage.java:87)\r\n\tat com.mill.test.steps.HomepageSteps.i_am_on_File_Mailer_home_page(HomepageSteps.java:20)\r\n\tat ✽.Given I am on homepage(TestScenarios/Email.feature:8)\r\n",
              "status": "failed"
            },
            "line": 8,
            "name": "I am on homepage",
            "match": {
              "location": "HomepageSteps.i_am_on_File_Mailer_home_page()"
            },
            "keyword": "Given "
          },
          {
            "result": {
              "status": "skipped"
            },
            "line": 9,
            "name": "I select Get a Zopa Loan",
            "match": {
              "location": "HomepageSteps.i_select_Get_a_Zopa_Loan()"
            },
            "keyword": "When "
          },
          {
            "result": {
              "status": "skipped"
            },
            "line": 10,
            "name": "I select Get my personalised rates",
            "match": {
              "location": "HomepageSteps.i_select_Get_my_personalised_rates()"
            },
            "keyword": "And "
          },
          {
            "result": {
              "status": "skipped"
            },
            "line": 11,
            "name": "I enter Email address \"email..email@domain.com\"",
            "match": {
              "arguments": [
                {
                  "val": "email..email@domain.com",
                  "offset": 23
                }
              ],
              "location": "HomepageSteps.i_enter_Email_address(String)"
            },
            "matchedColumns": [
              0
            ],
            "keyword": "And "
          },
          {
            "result": {
              "status": "skipped"
            },
            "line": 12,
            "name": "I select Calculate my rates",
            "match": {
              "location": "HomepageSteps.i_select_Calculate_my_rates()"
            },
            "keyword": "And "
          },
          {
            "result": {
              "status": "skipped"
            },
            "line": 13,
            "name": "I should see Error summary box",
            "match": {
              "location": "HomepageSteps.i_should_see_Error_summary_box()"
            },
            "keyword": "Then "
          },
          {
            "result": {
              "status": "skipped"
            },
            "line": 14,
            "name": "I should see Error \"Please enter a valid email address\"",
            "match": {
              "arguments": [
                {
                  "val": "Please enter a valid email address",
                  "offset": 20
                }
              ],
              "location": "HomepageSteps.i_should_see_Error_summary_box(String)"
            },
            "keyword": "Then "
          }
        ]
      },
      {
        "before": [
          {
            "result": {
              "duration": 6002562,
              "status": "passed"
            },
            "match": {
              "location": "SharedSteps.deleteCookies()"
            }
          }
        ],
        "line": 27,
        "name": "Email validation",
        "description": "",
        "id": "email-validation;email-validation;;11",
        "after": [
          {
            "result": {
              "duration": 12349813,
              "status": "passed"
            },
            "match": {
              "location": "SharedSteps.embedScreenshot(Scenario)"
            }
          }
        ],
        "type": "scenario",
        "keyword": "Scenario Outline",
        "steps": [
          {
            "result": {
              "duration": 10686237,
              "error_message": "org.openqa.selenium.NoSuchWindowException: no such window: target window already closed\nfrom unknown error: web view not found\n  (Session info: chrome\u003d62.0.3202.89)\n  (Driver info: chromedriver\u003d2.33.506120 (e3e53437346286c0bc2d2dc9aa4915ba81d9023f),platform\u003dWindows NT 10.0.15063 x86_64) (WARNING: The server did not provide any stacktrace information)\nCommand duration or timeout: 0 milliseconds\nBuild info: version: \u00273.7.1\u0027, revision: \u00278a0099a\u0027, time: \u00272017-11-06T21:01:39.354Z\u0027\nSystem info: host: \u0027MAHESH\u0027, ip: \u0027192.168.1.5\u0027, os.name: \u0027Windows 10\u0027, os.arch: \u0027amd64\u0027, os.version: \u002710.0\u0027, java.version: \u00271.8.0_151\u0027\nDriver info: org.openqa.selenium.chrome.ChromeDriver\nCapabilities {acceptSslCerts: true, applicationCacheEnabled: false, browserConnectionEnabled: false, browserName: chrome, chrome: {chromedriverVersion: 2.33.506120 (e3e53437346286..., userDataDir: C:\\Users\\Mahesh\\AppData\\Loc...}, cssSelectorsEnabled: true, databaseEnabled: false, handlesAlerts: true, hasTouchScreen: false, javascriptEnabled: true, locationContextEnabled: true, mobileEmulationEnabled: false, nativeEvents: true, networkConnectionEnabled: false, pageLoadStrategy: normal, platform: XP, platformName: XP, rotatable: false, setWindowRect: true, takesHeapSnapshot: true, takesScreenshot: true, unexpectedAlertBehaviour: , unhandledPromptBehavior: , version: 62.0.3202.89, webStorageEnabled: true}\nSession ID: d8a2b74097328a768dd2af5b1c958570\r\n\tat sun.reflect.GeneratedConstructorAccessor13.newInstance(Unknown Source)\r\n\tat sun.reflect.DelegatingConstructorAccessorImpl.newInstance(Unknown Source)\r\n\tat java.lang.reflect.Constructor.newInstance(Unknown Source)\r\n\tat org.openqa.selenium.remote.ErrorHandler.createThrowable(ErrorHandler.java:214)\r\n\tat org.openqa.selenium.remote.ErrorHandler.throwIfResponseFailed(ErrorHandler.java:166)\r\n\tat org.openqa.selenium.remote.http.JsonHttpResponseCodec.reconstructValue(JsonHttpResponseCodec.java:40)\r\n\tat org.openqa.selenium.remote.http.AbstractHttpResponseCodec.decode(AbstractHttpResponseCodec.java:80)\r\n\tat org.openqa.selenium.remote.http.AbstractHttpResponseCodec.decode(AbstractHttpResponseCodec.java:44)\r\n\tat org.openqa.selenium.remote.HttpCommandExecutor.execute(HttpCommandExecutor.java:164)\r\n\tat org.openqa.selenium.remote.service.DriverCommandExecutor.execute(DriverCommandExecutor.java:83)\r\n\tat org.openqa.selenium.remote.RemoteWebDriver.execute(RemoteWebDriver.java:600)\r\n\tat org.openqa.selenium.remote.RemoteWebDriver.get(RemoteWebDriver.java:324)\r\n\tat com.test.pages.Homepage.gotoHomePage(Homepage.java:87)\r\n\tat com.mill.test.steps.HomepageSteps.i_am_on_File_Mailer_home_page(HomepageSteps.java:20)\r\n\tat ✽.Given I am on homepage(TestScenarios/Email.feature:8)\r\n",
              "status": "failed"
            },
            "line": 8,
            "name": "I am on homepage",
            "match": {
              "location": "HomepageSteps.i_am_on_File_Mailer_home_page()"
            },
            "keyword": "Given "
          },
          {
            "result": {
              "status": "skipped"
            },
            "line": 9,
            "name": "I select Get a Zopa Loan",
            "match": {
              "location": "HomepageSteps.i_select_Get_a_Zopa_Loan()"
            },
            "keyword": "When "
          },
          {
            "result": {
              "status": "skipped"
            },
            "line": 10,
            "name": "I select Get my personalised rates",
            "match": {
              "location": "HomepageSteps.i_select_Get_my_personalised_rates()"
            },
            "keyword": "And "
          },
          {
            "result": {
              "status": "skipped"
            },
            "line": 11,
            "name": "I enter Email address \"email@domain.com (Joe Smith)\"",
            "match": {
              "arguments": [
                {
                  "val": "email@domain.com (Joe Smith)",
                  "offset": 23
                }
              ],
              "location": "HomepageSteps.i_enter_Email_address(String)"
            },
            "matchedColumns": [
              0
            ],
            "keyword": "And "
          },
          {
            "result": {
              "status": "skipped"
            },
            "line": 12,
            "name": "I select Calculate my rates",
            "match": {
              "location": "HomepageSteps.i_select_Calculate_my_rates()"
            },
            "keyword": "And "
          },
          {
            "result": {
              "status": "skipped"
            },
            "line": 13,
            "name": "I should see Error summary box",
            "match": {
              "location": "HomepageSteps.i_should_see_Error_summary_box()"
            },
            "keyword": "Then "
          },
          {
            "result": {
              "status": "skipped"
            },
            "line": 14,
            "name": "I should see Error \"Please enter a valid email address\"",
            "match": {
              "arguments": [
                {
                  "val": "Please enter a valid email address",
                  "offset": 20
                }
              ],
              "location": "HomepageSteps.i_should_see_Error_summary_box(String)"
            },
            "keyword": "Then "
          }
        ]
      },
      {
        "before": [
          {
            "result": {
              "duration": 16353516,
              "status": "passed"
            },
            "match": {
              "location": "SharedSteps.deleteCookies()"
            }
          }
        ],
        "line": 28,
        "name": "Email validation",
        "description": "",
        "id": "email-validation;email-validation;;12",
        "after": [
          {
            "result": {
              "duration": 9077399,
              "status": "passed"
            },
            "match": {
              "location": "SharedSteps.embedScreenshot(Scenario)"
            }
          }
        ],
        "type": "scenario",
        "keyword": "Scenario Outline",
        "steps": [
          {
            "result": {
              "duration": 22014382,
              "error_message": "org.openqa.selenium.NoSuchWindowException: no such window: target window already closed\nfrom unknown error: web view not found\n  (Session info: chrome\u003d62.0.3202.89)\n  (Driver info: chromedriver\u003d2.33.506120 (e3e53437346286c0bc2d2dc9aa4915ba81d9023f),platform\u003dWindows NT 10.0.15063 x86_64) (WARNING: The server did not provide any stacktrace information)\nCommand duration or timeout: 0 milliseconds\nBuild info: version: \u00273.7.1\u0027, revision: \u00278a0099a\u0027, time: \u00272017-11-06T21:01:39.354Z\u0027\nSystem info: host: \u0027MAHESH\u0027, ip: \u0027192.168.1.5\u0027, os.name: \u0027Windows 10\u0027, os.arch: \u0027amd64\u0027, os.version: \u002710.0\u0027, java.version: \u00271.8.0_151\u0027\nDriver info: org.openqa.selenium.chrome.ChromeDriver\nCapabilities {acceptSslCerts: true, applicationCacheEnabled: false, browserConnectionEnabled: false, browserName: chrome, chrome: {chromedriverVersion: 2.33.506120 (e3e53437346286..., userDataDir: C:\\Users\\Mahesh\\AppData\\Loc...}, cssSelectorsEnabled: true, databaseEnabled: false, handlesAlerts: true, hasTouchScreen: false, javascriptEnabled: true, locationContextEnabled: true, mobileEmulationEnabled: false, nativeEvents: true, networkConnectionEnabled: false, pageLoadStrategy: normal, platform: XP, platformName: XP, rotatable: false, setWindowRect: true, takesHeapSnapshot: true, takesScreenshot: true, unexpectedAlertBehaviour: , unhandledPromptBehavior: , version: 62.0.3202.89, webStorageEnabled: true}\nSession ID: d8a2b74097328a768dd2af5b1c958570\r\n\tat sun.reflect.GeneratedConstructorAccessor13.newInstance(Unknown Source)\r\n\tat sun.reflect.DelegatingConstructorAccessorImpl.newInstance(Unknown Source)\r\n\tat java.lang.reflect.Constructor.newInstance(Unknown Source)\r\n\tat org.openqa.selenium.remote.ErrorHandler.createThrowable(ErrorHandler.java:214)\r\n\tat org.openqa.selenium.remote.ErrorHandler.throwIfResponseFailed(ErrorHandler.java:166)\r\n\tat org.openqa.selenium.remote.http.JsonHttpResponseCodec.reconstructValue(JsonHttpResponseCodec.java:40)\r\n\tat org.openqa.selenium.remote.http.AbstractHttpResponseCodec.decode(AbstractHttpResponseCodec.java:80)\r\n\tat org.openqa.selenium.remote.http.AbstractHttpResponseCodec.decode(AbstractHttpResponseCodec.java:44)\r\n\tat org.openqa.selenium.remote.HttpCommandExecutor.execute(HttpCommandExecutor.java:164)\r\n\tat org.openqa.selenium.remote.service.DriverCommandExecutor.execute(DriverCommandExecutor.java:83)\r\n\tat org.openqa.selenium.remote.RemoteWebDriver.execute(RemoteWebDriver.java:600)\r\n\tat org.openqa.selenium.remote.RemoteWebDriver.get(RemoteWebDriver.java:324)\r\n\tat com.test.pages.Homepage.gotoHomePage(Homepage.java:87)\r\n\tat com.mill.test.steps.HomepageSteps.i_am_on_File_Mailer_home_page(HomepageSteps.java:20)\r\n\tat ✽.Given I am on homepage(TestScenarios/Email.feature:8)\r\n",
              "status": "failed"
            },
            "line": 8,
            "name": "I am on homepage",
            "match": {
              "location": "HomepageSteps.i_am_on_File_Mailer_home_page()"
            },
            "keyword": "Given "
          },
          {
            "result": {
              "status": "skipped"
            },
            "line": 9,
            "name": "I select Get a Zopa Loan",
            "match": {
              "location": "HomepageSteps.i_select_Get_a_Zopa_Loan()"
            },
            "keyword": "When "
          },
          {
            "result": {
              "status": "skipped"
            },
            "line": 10,
            "name": "I select Get my personalised rates",
            "match": {
              "location": "HomepageSteps.i_select_Get_my_personalised_rates()"
            },
            "keyword": "And "
          },
          {
            "result": {
              "status": "skipped"
            },
            "line": 11,
            "name": "I enter Email address \"email@domain\"",
            "match": {
              "arguments": [
                {
                  "val": "email@domain",
                  "offset": 23
                }
              ],
              "location": "HomepageSteps.i_enter_Email_address(String)"
            },
            "matchedColumns": [
              0
            ],
            "keyword": "And "
          },
          {
            "result": {
              "status": "skipped"
            },
            "line": 12,
            "name": "I select Calculate my rates",
            "match": {
              "location": "HomepageSteps.i_select_Calculate_my_rates()"
            },
            "keyword": "And "
          },
          {
            "result": {
              "status": "skipped"
            },
            "line": 13,
            "name": "I should see Error summary box",
            "match": {
              "location": "HomepageSteps.i_should_see_Error_summary_box()"
            },
            "keyword": "Then "
          },
          {
            "result": {
              "status": "skipped"
            },
            "line": 14,
            "name": "I should see Error \"Please enter a valid email address\"",
            "match": {
              "arguments": [
                {
                  "val": "Please enter a valid email address",
                  "offset": 20
                }
              ],
              "location": "HomepageSteps.i_should_see_Error_summary_box(String)"
            },
            "keyword": "Then "
          }
        ]
      },
      {
        "before": [
          {
            "result": {
              "duration": 23027069,
              "status": "passed"
            },
            "match": {
              "location": "SharedSteps.deleteCookies()"
            }
          }
        ],
        "line": 29,
        "name": "Email validation",
        "description": "",
        "id": "email-validation;email-validation;;13",
        "after": [
          {
            "result": {
              "duration": 5537701,
              "status": "passed"
            },
            "match": {
              "location": "SharedSteps.embedScreenshot(Scenario)"
            }
          }
        ],
        "type": "scenario",
        "keyword": "Scenario Outline",
        "steps": [
          {
            "result": {
              "duration": 7454022,
              "error_message": "org.openqa.selenium.NoSuchWindowException: no such window: target window already closed\nfrom unknown error: web view not found\n  (Session info: chrome\u003d62.0.3202.89)\n  (Driver info: chromedriver\u003d2.33.506120 (e3e53437346286c0bc2d2dc9aa4915ba81d9023f),platform\u003dWindows NT 10.0.15063 x86_64) (WARNING: The server did not provide any stacktrace information)\nCommand duration or timeout: 0 milliseconds\nBuild info: version: \u00273.7.1\u0027, revision: \u00278a0099a\u0027, time: \u00272017-11-06T21:01:39.354Z\u0027\nSystem info: host: \u0027MAHESH\u0027, ip: \u0027192.168.1.5\u0027, os.name: \u0027Windows 10\u0027, os.arch: \u0027amd64\u0027, os.version: \u002710.0\u0027, java.version: \u00271.8.0_151\u0027\nDriver info: org.openqa.selenium.chrome.ChromeDriver\nCapabilities {acceptSslCerts: true, applicationCacheEnabled: false, browserConnectionEnabled: false, browserName: chrome, chrome: {chromedriverVersion: 2.33.506120 (e3e53437346286..., userDataDir: C:\\Users\\Mahesh\\AppData\\Loc...}, cssSelectorsEnabled: true, databaseEnabled: false, handlesAlerts: true, hasTouchScreen: false, javascriptEnabled: true, locationContextEnabled: true, mobileEmulationEnabled: false, nativeEvents: true, networkConnectionEnabled: false, pageLoadStrategy: normal, platform: XP, platformName: XP, rotatable: false, setWindowRect: true, takesHeapSnapshot: true, takesScreenshot: true, unexpectedAlertBehaviour: , unhandledPromptBehavior: , version: 62.0.3202.89, webStorageEnabled: true}\nSession ID: d8a2b74097328a768dd2af5b1c958570\r\n\tat sun.reflect.GeneratedConstructorAccessor13.newInstance(Unknown Source)\r\n\tat sun.reflect.DelegatingConstructorAccessorImpl.newInstance(Unknown Source)\r\n\tat java.lang.reflect.Constructor.newInstance(Unknown Source)\r\n\tat org.openqa.selenium.remote.ErrorHandler.createThrowable(ErrorHandler.java:214)\r\n\tat org.openqa.selenium.remote.ErrorHandler.throwIfResponseFailed(ErrorHandler.java:166)\r\n\tat org.openqa.selenium.remote.http.JsonHttpResponseCodec.reconstructValue(JsonHttpResponseCodec.java:40)\r\n\tat org.openqa.selenium.remote.http.AbstractHttpResponseCodec.decode(AbstractHttpResponseCodec.java:80)\r\n\tat org.openqa.selenium.remote.http.AbstractHttpResponseCodec.decode(AbstractHttpResponseCodec.java:44)\r\n\tat org.openqa.selenium.remote.HttpCommandExecutor.execute(HttpCommandExecutor.java:164)\r\n\tat org.openqa.selenium.remote.service.DriverCommandExecutor.execute(DriverCommandExecutor.java:83)\r\n\tat org.openqa.selenium.remote.RemoteWebDriver.execute(RemoteWebDriver.java:600)\r\n\tat org.openqa.selenium.remote.RemoteWebDriver.get(RemoteWebDriver.java:324)\r\n\tat com.test.pages.Homepage.gotoHomePage(Homepage.java:87)\r\n\tat com.mill.test.steps.HomepageSteps.i_am_on_File_Mailer_home_page(HomepageSteps.java:20)\r\n\tat ✽.Given I am on homepage(TestScenarios/Email.feature:8)\r\n",
              "status": "failed"
            },
            "line": 8,
            "name": "I am on homepage",
            "match": {
              "location": "HomepageSteps.i_am_on_File_Mailer_home_page()"
            },
            "keyword": "Given "
          },
          {
            "result": {
              "status": "skipped"
            },
            "line": 9,
            "name": "I select Get a Zopa Loan",
            "match": {
              "location": "HomepageSteps.i_select_Get_a_Zopa_Loan()"
            },
            "keyword": "When "
          },
          {
            "result": {
              "status": "skipped"
            },
            "line": 10,
            "name": "I select Get my personalised rates",
            "match": {
              "location": "HomepageSteps.i_select_Get_my_personalised_rates()"
            },
            "keyword": "And "
          },
          {
            "result": {
              "status": "skipped"
            },
            "line": 11,
            "name": "I enter Email address \"email@-domain.com\"",
            "match": {
              "arguments": [
                {
                  "val": "email@-domain.com",
                  "offset": 23
                }
              ],
              "location": "HomepageSteps.i_enter_Email_address(String)"
            },
            "matchedColumns": [
              0
            ],
            "keyword": "And "
          },
          {
            "result": {
              "status": "skipped"
            },
            "line": 12,
            "name": "I select Calculate my rates",
            "match": {
              "location": "HomepageSteps.i_select_Calculate_my_rates()"
            },
            "keyword": "And "
          },
          {
            "result": {
              "status": "skipped"
            },
            "line": 13,
            "name": "I should see Error summary box",
            "match": {
              "location": "HomepageSteps.i_should_see_Error_summary_box()"
            },
            "keyword": "Then "
          },
          {
            "result": {
              "status": "skipped"
            },
            "line": 14,
            "name": "I should see Error \"Please enter a valid email address\"",
            "match": {
              "arguments": [
                {
                  "val": "Please enter a valid email address",
                  "offset": 20
                }
              ],
              "location": "HomepageSteps.i_should_see_Error_summary_box(String)"
            },
            "keyword": "Then "
          }
        ]
      },
      {
        "before": [
          {
            "result": {
              "duration": 7602418,
              "status": "passed"
            },
            "match": {
              "location": "SharedSteps.deleteCookies()"
            }
          }
        ],
        "line": 30,
        "name": "Email validation",
        "description": "",
        "id": "email-validation;email-validation;;14",
        "after": [
          {
            "result": {
              "duration": 4625941,
              "status": "passed"
            },
            "match": {
              "location": "SharedSteps.embedScreenshot(Scenario)"
            }
          }
        ],
        "type": "scenario",
        "keyword": "Scenario Outline",
        "steps": [
          {
            "result": {
              "duration": 9268988,
              "error_message": "org.openqa.selenium.NoSuchWindowException: no such window: target window already closed\nfrom unknown error: web view not found\n  (Session info: chrome\u003d62.0.3202.89)\n  (Driver info: chromedriver\u003d2.33.506120 (e3e53437346286c0bc2d2dc9aa4915ba81d9023f),platform\u003dWindows NT 10.0.15063 x86_64) (WARNING: The server did not provide any stacktrace information)\nCommand duration or timeout: 0 milliseconds\nBuild info: version: \u00273.7.1\u0027, revision: \u00278a0099a\u0027, time: \u00272017-11-06T21:01:39.354Z\u0027\nSystem info: host: \u0027MAHESH\u0027, ip: \u0027192.168.1.5\u0027, os.name: \u0027Windows 10\u0027, os.arch: \u0027amd64\u0027, os.version: \u002710.0\u0027, java.version: \u00271.8.0_151\u0027\nDriver info: org.openqa.selenium.chrome.ChromeDriver\nCapabilities {acceptSslCerts: true, applicationCacheEnabled: false, browserConnectionEnabled: false, browserName: chrome, chrome: {chromedriverVersion: 2.33.506120 (e3e53437346286..., userDataDir: C:\\Users\\Mahesh\\AppData\\Loc...}, cssSelectorsEnabled: true, databaseEnabled: false, handlesAlerts: true, hasTouchScreen: false, javascriptEnabled: true, locationContextEnabled: true, mobileEmulationEnabled: false, nativeEvents: true, networkConnectionEnabled: false, pageLoadStrategy: normal, platform: XP, platformName: XP, rotatable: false, setWindowRect: true, takesHeapSnapshot: true, takesScreenshot: true, unexpectedAlertBehaviour: , unhandledPromptBehavior: , version: 62.0.3202.89, webStorageEnabled: true}\nSession ID: d8a2b74097328a768dd2af5b1c958570\r\n\tat sun.reflect.GeneratedConstructorAccessor13.newInstance(Unknown Source)\r\n\tat sun.reflect.DelegatingConstructorAccessorImpl.newInstance(Unknown Source)\r\n\tat java.lang.reflect.Constructor.newInstance(Unknown Source)\r\n\tat org.openqa.selenium.remote.ErrorHandler.createThrowable(ErrorHandler.java:214)\r\n\tat org.openqa.selenium.remote.ErrorHandler.throwIfResponseFailed(ErrorHandler.java:166)\r\n\tat org.openqa.selenium.remote.http.JsonHttpResponseCodec.reconstructValue(JsonHttpResponseCodec.java:40)\r\n\tat org.openqa.selenium.remote.http.AbstractHttpResponseCodec.decode(AbstractHttpResponseCodec.java:80)\r\n\tat org.openqa.selenium.remote.http.AbstractHttpResponseCodec.decode(AbstractHttpResponseCodec.java:44)\r\n\tat org.openqa.selenium.remote.HttpCommandExecutor.execute(HttpCommandExecutor.java:164)\r\n\tat org.openqa.selenium.remote.service.DriverCommandExecutor.execute(DriverCommandExecutor.java:83)\r\n\tat org.openqa.selenium.remote.RemoteWebDriver.execute(RemoteWebDriver.java:600)\r\n\tat org.openqa.selenium.remote.RemoteWebDriver.get(RemoteWebDriver.java:324)\r\n\tat com.test.pages.Homepage.gotoHomePage(Homepage.java:87)\r\n\tat com.mill.test.steps.HomepageSteps.i_am_on_File_Mailer_home_page(HomepageSteps.java:20)\r\n\tat ✽.Given I am on homepage(TestScenarios/Email.feature:8)\r\n",
              "status": "failed"
            },
            "line": 8,
            "name": "I am on homepage",
            "match": {
              "location": "HomepageSteps.i_am_on_File_Mailer_home_page()"
            },
            "keyword": "Given "
          },
          {
            "result": {
              "status": "skipped"
            },
            "line": 9,
            "name": "I select Get a Zopa Loan",
            "match": {
              "location": "HomepageSteps.i_select_Get_a_Zopa_Loan()"
            },
            "keyword": "When "
          },
          {
            "result": {
              "status": "skipped"
            },
            "line": 10,
            "name": "I select Get my personalised rates",
            "match": {
              "location": "HomepageSteps.i_select_Get_my_personalised_rates()"
            },
            "keyword": "And "
          },
          {
            "result": {
              "status": "skipped"
            },
            "line": 11,
            "name": "I enter Email address \"email@domain.web\"",
            "match": {
              "arguments": [
                {
                  "val": "email@domain.web",
                  "offset": 23
                }
              ],
              "location": "HomepageSteps.i_enter_Email_address(String)"
            },
            "matchedColumns": [
              0
            ],
            "keyword": "And "
          },
          {
            "result": {
              "status": "skipped"
            },
            "line": 12,
            "name": "I select Calculate my rates",
            "match": {
              "location": "HomepageSteps.i_select_Calculate_my_rates()"
            },
            "keyword": "And "
          },
          {
            "result": {
              "status": "skipped"
            },
            "line": 13,
            "name": "I should see Error summary box",
            "match": {
              "location": "HomepageSteps.i_should_see_Error_summary_box()"
            },
            "keyword": "Then "
          },
          {
            "result": {
              "status": "skipped"
            },
            "line": 14,
            "name": "I should see Error \"Please enter a valid email address\"",
            "match": {
              "arguments": [
                {
                  "val": "Please enter a valid email address",
                  "offset": 20
                }
              ],
              "location": "HomepageSteps.i_should_see_Error_summary_box(String)"
            },
            "keyword": "Then "
          }
        ]
      },
      {
        "before": [
          {
            "result": {
              "duration": 6567921,
              "status": "passed"
            },
            "match": {
              "location": "SharedSteps.deleteCookies()"
            }
          }
        ],
        "line": 31,
        "name": "Email validation",
        "description": "",
        "id": "email-validation;email-validation;;15",
        "after": [
          {
            "result": {
              "duration": 7437343,
              "status": "passed"
            },
            "match": {
              "location": "SharedSteps.embedScreenshot(Scenario)"
            }
          }
        ],
        "type": "scenario",
        "keyword": "Scenario Outline",
        "steps": [
          {
            "result": {
              "duration": 7657158,
              "error_message": "org.openqa.selenium.NoSuchWindowException: no such window: target window already closed\nfrom unknown error: web view not found\n  (Session info: chrome\u003d62.0.3202.89)\n  (Driver info: chromedriver\u003d2.33.506120 (e3e53437346286c0bc2d2dc9aa4915ba81d9023f),platform\u003dWindows NT 10.0.15063 x86_64) (WARNING: The server did not provide any stacktrace information)\nCommand duration or timeout: 0 milliseconds\nBuild info: version: \u00273.7.1\u0027, revision: \u00278a0099a\u0027, time: \u00272017-11-06T21:01:39.354Z\u0027\nSystem info: host: \u0027MAHESH\u0027, ip: \u0027192.168.1.5\u0027, os.name: \u0027Windows 10\u0027, os.arch: \u0027amd64\u0027, os.version: \u002710.0\u0027, java.version: \u00271.8.0_151\u0027\nDriver info: org.openqa.selenium.chrome.ChromeDriver\nCapabilities {acceptSslCerts: true, applicationCacheEnabled: false, browserConnectionEnabled: false, browserName: chrome, chrome: {chromedriverVersion: 2.33.506120 (e3e53437346286..., userDataDir: C:\\Users\\Mahesh\\AppData\\Loc...}, cssSelectorsEnabled: true, databaseEnabled: false, handlesAlerts: true, hasTouchScreen: false, javascriptEnabled: true, locationContextEnabled: true, mobileEmulationEnabled: false, nativeEvents: true, networkConnectionEnabled: false, pageLoadStrategy: normal, platform: XP, platformName: XP, rotatable: false, setWindowRect: true, takesHeapSnapshot: true, takesScreenshot: true, unexpectedAlertBehaviour: , unhandledPromptBehavior: , version: 62.0.3202.89, webStorageEnabled: true}\nSession ID: d8a2b74097328a768dd2af5b1c958570\r\n\tat sun.reflect.GeneratedConstructorAccessor13.newInstance(Unknown Source)\r\n\tat sun.reflect.DelegatingConstructorAccessorImpl.newInstance(Unknown Source)\r\n\tat java.lang.reflect.Constructor.newInstance(Unknown Source)\r\n\tat org.openqa.selenium.remote.ErrorHandler.createThrowable(ErrorHandler.java:214)\r\n\tat org.openqa.selenium.remote.ErrorHandler.throwIfResponseFailed(ErrorHandler.java:166)\r\n\tat org.openqa.selenium.remote.http.JsonHttpResponseCodec.reconstructValue(JsonHttpResponseCodec.java:40)\r\n\tat org.openqa.selenium.remote.http.AbstractHttpResponseCodec.decode(AbstractHttpResponseCodec.java:80)\r\n\tat org.openqa.selenium.remote.http.AbstractHttpResponseCodec.decode(AbstractHttpResponseCodec.java:44)\r\n\tat org.openqa.selenium.remote.HttpCommandExecutor.execute(HttpCommandExecutor.java:164)\r\n\tat org.openqa.selenium.remote.service.DriverCommandExecutor.execute(DriverCommandExecutor.java:83)\r\n\tat org.openqa.selenium.remote.RemoteWebDriver.execute(RemoteWebDriver.java:600)\r\n\tat org.openqa.selenium.remote.RemoteWebDriver.get(RemoteWebDriver.java:324)\r\n\tat com.test.pages.Homepage.gotoHomePage(Homepage.java:87)\r\n\tat com.mill.test.steps.HomepageSteps.i_am_on_File_Mailer_home_page(HomepageSteps.java:20)\r\n\tat ✽.Given I am on homepage(TestScenarios/Email.feature:8)\r\n",
              "status": "failed"
            },
            "line": 8,
            "name": "I am on homepage",
            "match": {
              "location": "HomepageSteps.i_am_on_File_Mailer_home_page()"
            },
            "keyword": "Given "
          },
          {
            "result": {
              "status": "skipped"
            },
            "line": 9,
            "name": "I select Get a Zopa Loan",
            "match": {
              "location": "HomepageSteps.i_select_Get_a_Zopa_Loan()"
            },
            "keyword": "When "
          },
          {
            "result": {
              "status": "skipped"
            },
            "line": 10,
            "name": "I select Get my personalised rates",
            "match": {
              "location": "HomepageSteps.i_select_Get_my_personalised_rates()"
            },
            "keyword": "And "
          },
          {
            "result": {
              "status": "skipped"
            },
            "line": 11,
            "name": "I enter Email address \"email@111.222.333.44444\"",
            "match": {
              "arguments": [
                {
                  "val": "email@111.222.333.44444",
                  "offset": 23
                }
              ],
              "location": "HomepageSteps.i_enter_Email_address(String)"
            },
            "matchedColumns": [
              0
            ],
            "keyword": "And "
          },
          {
            "result": {
              "status": "skipped"
            },
            "line": 12,
            "name": "I select Calculate my rates",
            "match": {
              "location": "HomepageSteps.i_select_Calculate_my_rates()"
            },
            "keyword": "And "
          },
          {
            "result": {
              "status": "skipped"
            },
            "line": 13,
            "name": "I should see Error summary box",
            "match": {
              "location": "HomepageSteps.i_should_see_Error_summary_box()"
            },
            "keyword": "Then "
          },
          {
            "result": {
              "status": "skipped"
            },
            "line": 14,
            "name": "I should see Error \"Please enter a valid email address\"",
            "match": {
              "arguments": [
                {
                  "val": "Please enter a valid email address",
                  "offset": 20
                }
              ],
              "location": "HomepageSteps.i_should_see_Error_summary_box(String)"
            },
            "keyword": "Then "
          }
        ]
      },
      {
        "before": [
          {
            "result": {
              "duration": 4937274,
              "status": "passed"
            },
            "match": {
              "location": "SharedSteps.deleteCookies()"
            }
          }
        ],
        "line": 32,
        "name": "Email validation",
        "description": "",
        "id": "email-validation;email-validation;;16",
        "after": [
          {
            "result": {
              "duration": 7005412,
              "status": "passed"
            },
            "match": {
              "location": "SharedSteps.embedScreenshot(Scenario)"
            }
          }
        ],
        "type": "scenario",
        "keyword": "Scenario Outline",
        "steps": [
          {
            "result": {
              "duration": 22659286,
              "error_message": "org.openqa.selenium.NoSuchWindowException: no such window: target window already closed\nfrom unknown error: web view not found\n  (Session info: chrome\u003d62.0.3202.89)\n  (Driver info: chromedriver\u003d2.33.506120 (e3e53437346286c0bc2d2dc9aa4915ba81d9023f),platform\u003dWindows NT 10.0.15063 x86_64) (WARNING: The server did not provide any stacktrace information)\nCommand duration or timeout: 0 milliseconds\nBuild info: version: \u00273.7.1\u0027, revision: \u00278a0099a\u0027, time: \u00272017-11-06T21:01:39.354Z\u0027\nSystem info: host: \u0027MAHESH\u0027, ip: \u0027192.168.1.5\u0027, os.name: \u0027Windows 10\u0027, os.arch: \u0027amd64\u0027, os.version: \u002710.0\u0027, java.version: \u00271.8.0_151\u0027\nDriver info: org.openqa.selenium.chrome.ChromeDriver\nCapabilities {acceptSslCerts: true, applicationCacheEnabled: false, browserConnectionEnabled: false, browserName: chrome, chrome: {chromedriverVersion: 2.33.506120 (e3e53437346286..., userDataDir: C:\\Users\\Mahesh\\AppData\\Loc...}, cssSelectorsEnabled: true, databaseEnabled: false, handlesAlerts: true, hasTouchScreen: false, javascriptEnabled: true, locationContextEnabled: true, mobileEmulationEnabled: false, nativeEvents: true, networkConnectionEnabled: false, pageLoadStrategy: normal, platform: XP, platformName: XP, rotatable: false, setWindowRect: true, takesHeapSnapshot: true, takesScreenshot: true, unexpectedAlertBehaviour: , unhandledPromptBehavior: , version: 62.0.3202.89, webStorageEnabled: true}\nSession ID: d8a2b74097328a768dd2af5b1c958570\r\n\tat sun.reflect.GeneratedConstructorAccessor13.newInstance(Unknown Source)\r\n\tat sun.reflect.DelegatingConstructorAccessorImpl.newInstance(Unknown Source)\r\n\tat java.lang.reflect.Constructor.newInstance(Unknown Source)\r\n\tat org.openqa.selenium.remote.ErrorHandler.createThrowable(ErrorHandler.java:214)\r\n\tat org.openqa.selenium.remote.ErrorHandler.throwIfResponseFailed(ErrorHandler.java:166)\r\n\tat org.openqa.selenium.remote.http.JsonHttpResponseCodec.reconstructValue(JsonHttpResponseCodec.java:40)\r\n\tat org.openqa.selenium.remote.http.AbstractHttpResponseCodec.decode(AbstractHttpResponseCodec.java:80)\r\n\tat org.openqa.selenium.remote.http.AbstractHttpResponseCodec.decode(AbstractHttpResponseCodec.java:44)\r\n\tat org.openqa.selenium.remote.HttpCommandExecutor.execute(HttpCommandExecutor.java:164)\r\n\tat org.openqa.selenium.remote.service.DriverCommandExecutor.execute(DriverCommandExecutor.java:83)\r\n\tat org.openqa.selenium.remote.RemoteWebDriver.execute(RemoteWebDriver.java:600)\r\n\tat org.openqa.selenium.remote.RemoteWebDriver.get(RemoteWebDriver.java:324)\r\n\tat com.test.pages.Homepage.gotoHomePage(Homepage.java:87)\r\n\tat com.mill.test.steps.HomepageSteps.i_am_on_File_Mailer_home_page(HomepageSteps.java:20)\r\n\tat ✽.Given I am on homepage(TestScenarios/Email.feature:8)\r\n",
              "status": "failed"
            },
            "line": 8,
            "name": "I am on homepage",
            "match": {
              "location": "HomepageSteps.i_am_on_File_Mailer_home_page()"
            },
            "keyword": "Given "
          },
          {
            "result": {
              "status": "skipped"
            },
            "line": 9,
            "name": "I select Get a Zopa Loan",
            "match": {
              "location": "HomepageSteps.i_select_Get_a_Zopa_Loan()"
            },
            "keyword": "When "
          },
          {
            "result": {
              "status": "skipped"
            },
            "line": 10,
            "name": "I select Get my personalised rates",
            "match": {
              "location": "HomepageSteps.i_select_Get_my_personalised_rates()"
            },
            "keyword": "And "
          },
          {
            "result": {
              "status": "skipped"
            },
            "line": 11,
            "name": "I enter Email address \"email@domain..com\"",
            "match": {
              "arguments": [
                {
                  "val": "email@domain..com",
                  "offset": 23
                }
              ],
              "location": "HomepageSteps.i_enter_Email_address(String)"
            },
            "matchedColumns": [
              0
            ],
            "keyword": "And "
          },
          {
            "result": {
              "status": "skipped"
            },
            "line": 12,
            "name": "I select Calculate my rates",
            "match": {
              "location": "HomepageSteps.i_select_Calculate_my_rates()"
            },
            "keyword": "And "
          },
          {
            "result": {
              "status": "skipped"
            },
            "line": 13,
            "name": "I should see Error summary box",
            "match": {
              "location": "HomepageSteps.i_should_see_Error_summary_box()"
            },
            "keyword": "Then "
          },
          {
            "result": {
              "status": "skipped"
            },
            "line": 14,
            "name": "I should see Error \"Please enter a valid email address\"",
            "match": {
              "arguments": [
                {
                  "val": "Please enter a valid email address",
                  "offset": 20
                }
              ],
              "location": "HomepageSteps.i_should_see_Error_summary_box(String)"
            },
            "keyword": "Then "
          }
        ]
      }
    ],
    "name": "Email Validation",
    "description": "\r\nAs a User\r\nI should have see email validation\r\nSo that I know if I entered valid email address",
    "id": "email-validation",
    "keyword": "Feature",
    "uri": "TestScenarios/Email.feature"
  }
]